<?xml version="1.0" encoding="UTF-8"?>
<testng-results skipped="0" failed="0" total="1" passed="1">
  <reporter-output>
  </reporter-output>
  <suite name="seetest-examples" duration-ms="54719" started-at="2018-12-05T15:07:19Z" finished-at="2018-12-05T15:08:14Z">
    <groups>
    </groups>
    <test name="seetest-examples" duration-ms="54719" started-at="2018-12-05T15:07:19Z" finished-at="2018-12-05T15:08:14Z">
      <class name="io.seetest.examples.WebUrlSpecificDeviceTest">
        <test-method status="PASS" signature="setUp(org.testng.ITestContext)[pri:0, instance:io.seetest.examples.WebUrlSpecificDeviceTest@4dfa3a9d]" name="setUp" is-config="true" duration-ms="25987" started-at="2018-12-05T20:37:19Z" finished-at="2018-12-05T20:37:45Z">
          <params>
            <param index="0">
              <value>
                <![CDATA[org.testng.TestRunner@6d5620ce]]>
              </value>
            </param>
          </params>
          <reporter-output>
          </reporter-output>
        </test-method> <!-- setUp -->
        <test-method status="PASS" signature="urlWebTest()[pri:0, instance:io.seetest.examples.WebUrlSpecificDeviceTest@4dfa3a9d]" name="urlWebTest" duration-ms="21897" started-at="2018-12-05T20:37:45Z" finished-at="2018-12-05T20:38:07Z">
          <reporter-output>
          </reporter-output>
        </test-method> <!-- urlWebTest -->
        <test-method status="PASS" signature="tearDown()[pri:0, instance:io.seetest.examples.WebUrlSpecificDeviceTest@4dfa3a9d]" name="tearDown" is-config="true" duration-ms="6820" started-at="2018-12-05T20:38:07Z" finished-at="2018-12-05T20:38:14Z">
          <reporter-output>
          </reporter-output>
        </test-method> <!-- tearDown -->
      </class> <!-- io.seetest.examples.WebUrlSpecificDeviceTest -->
    </test> <!-- seetest-examples -->
  </suite> <!-- seetest-examples -->
</testng-results>
